c:\users\nicole\documents\visual studio 2013\projects\inclassproj part 6\debug\vc120.pdb
c:\users\nicole\documents\visual studio 2013\projects\inclassproj part 9-collision\debug\vc120.pdb
c:\users\nicole\documents\visual studio 2013\projects\inclassproj part 7\debug\vc120.pdb
c:\users\nicole\documents\visual studio 2013\projects\inclassproj part 8\debug\vc120.pdb
c:\users\nicole\documents\visual studio 2013\projects\inclassproj part 9-collision\debug\vc120.idb
c:\users\nicole\documents\visual studio 2013\projects\inclassproj part 9-collision\debug\lighthelper.obj
c:\users\nicole\documents\visual studio 2013\projects\inclassproj part 9-collision\debug\xnacollision.obj
c:\users\nicole\documents\visual studio 2013\projects\inclassproj part 9-collision\debug\d3dapp.obj
c:\users\nicole\documents\visual studio 2013\projects\inclassproj part 9-collision\debug\d3dutil.obj
c:\users\nicole\documents\visual studio 2013\projects\inclassproj part 9-collision\debug\gametimer.obj
c:\users\nicole\documents\visual studio 2013\projects\inclassproj part 9-collision\debug\geometrygenerator.obj
c:\users\nicole\documents\visual studio 2013\projects\inclassproj part 9-collision\debug\mathhelper.obj
c:\users\nicole\documents\visual studio 2013\projects\inclassproj part 9-collision\debug\basicmodel.obj
c:\users\nicole\documents\visual studio 2013\projects\inclassproj part 9-collision\debug\cube.obj
c:\users\nicole\documents\visual studio 2013\projects\inclassproj part 9-collision\debug\effect.obj
c:\users\nicole\documents\visual studio 2013\projects\inclassproj part 9-collision\debug\fpscamera.obj
c:\users\nicole\documents\visual studio 2013\projects\inclassproj part 9-collision\debug\graphicalgeometry.obj
c:\users\nicole\documents\visual studio 2013\projects\inclassproj part 9-collision\debug\graphicalobject.obj
c:\users\nicole\documents\visual studio 2013\projects\inclassproj part 9-collision\debug\inclassproj.obj
c:\users\nicole\documents\visual studio 2013\projects\inclassproj part 9-collision\debug\meshgeometry.obj
c:\users\nicole\documents\visual studio 2013\projects\inclassproj part 9-collision\debug\objloader.obj
c:\users\nicole\documents\visual studio 2013\projects\inclassproj part 9-collision\debug\quad.obj
c:\users\nicole\documents\visual studio 2013\projects\inclassproj part 9-collision\debug\terrain.obj
c:\users\nicole\documents\visual studio 2013\projects\inclassproj part 9-collision\debug\vertex.obj
c:\users\nicole\documents\visual studio 2013\projects\inclassproj part 10-playerclass\debug\vc120.pdb
c:\users\nicole\documents\visual studio 2013\projects\inclassproj part 10-playerclass&skybox\debug\vc120.pdb
c:\users\nicole\documents\visual studio 2013\projects\inclassproj part 10-playerclass&skybox\debug\vc120.idb
c:\users\nicole\documents\visual studio 2013\projects\inclassproj part 10-playerclass&skybox\debug\basicmodel.obj
c:\users\nicole\documents\visual studio 2013\projects\inclassproj part 10-playerclass&skybox\debug\cube.obj
c:\users\nicole\documents\visual studio 2013\projects\inclassproj part 10-playerclass&skybox\debug\effect.obj
c:\users\nicole\documents\visual studio 2013\projects\inclassproj part 10-playerclass&skybox\debug\fpscamera.obj
c:\users\nicole\documents\visual studio 2013\projects\inclassproj part 10-playerclass&skybox\debug\graphicalgeometry.obj
c:\users\nicole\documents\visual studio 2013\projects\inclassproj part 10-playerclass&skybox\debug\graphicalobject.obj
c:\users\nicole\documents\visual studio 2013\projects\inclassproj part 10-playerclass&skybox\debug\meshgeometry.obj
c:\users\nicole\documents\visual studio 2013\projects\inclassproj part 10-playerclass&skybox\debug\objloader.obj
c:\users\nicole\documents\visual studio 2013\projects\inclassproj part 10-playerclass&skybox\debug\quad.obj
c:\users\nicole\documents\visual studio 2013\projects\inclassproj part 10-playerclass&skybox\debug\terrain.obj
c:\users\nicole\documents\visual studio 2013\projects\inclassproj part 10-playerclass&skybox\debug\vertex.obj
c:\users\nicole\documents\visual studio 2013\projects\inclassproj part 10-playerclass&skybox\debug\xnacollision.obj
c:\users\nicole\documents\visual studio 2013\projects\inclassproj part 10-playerclass&skybox\debug\basecamera.obj
c:\users\nicole\documents\visual studio 2013\projects\inclassproj part 10-playerclass&skybox\debug\character.obj
c:\users\nicole\documents\visual studio 2013\projects\inclassproj part 10-playerclass&skybox\debug\inclassproj.obj
c:\users\nicole\documents\visual studio 2013\projects\inclassproj part 10-playerclass&skybox\debug\player.obj
c:\users\nicole\documents\visual studio 2013\projects\inclassproj part 10-playerclass&skybox\debug\thirdpersoncam.obj
c:\users\nicole\documents\visual studio 2013\projects\inclassproj part 10&11-playerclass&skybox\debug\vc120.pdb
c:\users\nicole\documents\visual studio 2013\projects\inclassproj part 10&11-playerclass&skybox\debug\vc120.idb
c:\users\nicole\documents\visual studio 2013\projects\inclassproj part 10&11-playerclass&skybox\debug\basecamera.obj
c:\users\nicole\documents\visual studio 2013\projects\inclassproj part 10&11-playerclass&skybox\debug\basicmodel.obj
c:\users\nicole\documents\visual studio 2013\projects\inclassproj part 10&11-playerclass&skybox\debug\character.obj
c:\users\nicole\documents\visual studio 2013\projects\inclassproj part 10&11-playerclass&skybox\debug\cube.obj
c:\users\nicole\documents\visual studio 2013\projects\inclassproj part 10&11-playerclass&skybox\debug\effect.obj
c:\users\nicole\documents\visual studio 2013\projects\inclassproj part 10&11-playerclass&skybox\debug\fpscamera.obj
c:\users\nicole\documents\visual studio 2013\projects\inclassproj part 10&11-playerclass&skybox\debug\graphicalgeometry.obj
c:\users\nicole\documents\visual studio 2013\projects\inclassproj part 10&11-playerclass&skybox\debug\graphicalobject.obj
c:\users\nicole\documents\visual studio 2013\projects\inclassproj part 10&11-playerclass&skybox\debug\inclassproj.obj
c:\users\nicole\documents\visual studio 2013\projects\inclassproj part 10&11-playerclass&skybox\debug\meshgeometry.obj
c:\users\nicole\documents\visual studio 2013\projects\inclassproj part 10&11-playerclass&skybox\debug\objloader.obj
c:\users\nicole\documents\visual studio 2013\projects\inclassproj part 10&11-playerclass&skybox\debug\player.obj
c:\users\nicole\documents\visual studio 2013\projects\inclassproj part 10&11-playerclass&skybox\debug\quad.obj
c:\users\nicole\documents\visual studio 2013\projects\inclassproj part 10&11-playerclass&skybox\debug\terrain.obj
c:\users\nicole\documents\visual studio 2013\projects\inclassproj part 10&11-playerclass&skybox\debug\thirdpersoncam.obj
c:\users\nicole\documents\visual studio 2013\projects\inclassproj part 10&11-playerclass&skybox\debug\vertex.obj
c:\users\nicole\documents\visual studio 2013\projects\inclassproj part 10&11-playerclass&skybox\debug\xnacollision.obj
c:\users\nicole\documents\visual studio 2013\projects\inclassproj part 12-projectiles\debug\vc120.pdb
c:\users\nicole\documents\visual studio 2013\projects\inclassproj part 12-projectiles\debug\vc120.idb
c:\users\nicole\documents\visual studio 2013\projects\inclassproj part 12-projectiles\debug\basecamera.obj
c:\users\nicole\documents\visual studio 2013\projects\inclassproj part 12-projectiles\debug\basicmodel.obj
c:\users\nicole\documents\visual studio 2013\projects\inclassproj part 12-projectiles\debug\character.obj
c:\users\nicole\documents\visual studio 2013\projects\inclassproj part 12-projectiles\debug\cube.obj
c:\users\nicole\documents\visual studio 2013\projects\inclassproj part 12-projectiles\debug\effect.obj
c:\users\nicole\documents\visual studio 2013\projects\inclassproj part 12-projectiles\debug\fpscamera.obj
c:\users\nicole\documents\visual studio 2013\projects\inclassproj part 12-projectiles\debug\graphicalgeometry.obj
c:\users\nicole\documents\visual studio 2013\projects\inclassproj part 12-projectiles\debug\graphicalobject.obj
c:\users\nicole\documents\visual studio 2013\projects\inclassproj part 12-projectiles\debug\inclassproj.obj
c:\users\nicole\documents\visual studio 2013\projects\inclassproj part 12-projectiles\debug\meshgeometry.obj
c:\users\nicole\documents\visual studio 2013\projects\inclassproj part 12-projectiles\debug\objloader.obj
c:\users\nicole\documents\visual studio 2013\projects\inclassproj part 12-projectiles\debug\player.obj
c:\users\nicole\documents\visual studio 2013\projects\inclassproj part 12-projectiles\debug\quad.obj
c:\users\nicole\documents\visual studio 2013\projects\inclassproj part 12-projectiles\debug\skybox.obj
c:\users\nicole\documents\visual studio 2013\projects\inclassproj part 12-projectiles\debug\terrain.obj
c:\users\nicole\documents\visual studio 2013\projects\inclassproj part 12-projectiles\debug\thirdpersoncam.obj
c:\users\nicole\documents\visual studio 2013\projects\inclassproj part 12-projectiles\debug\vertex.obj
c:\users\nicole\documents\visual studio 2013\projects\inclassproj part 12-projectiles\debug\xnacollision.obj
c:\users\nicole\documents\visual studio 2013\projects\inclassproj part 6\fx\lighting.fxo
c:\users\nicole\documents\visual studio 2013\projects\inclassproj part 6\fx\terrain.fxo
c:\users\nicole\documents\visual studio 2013\projects\inclassproj part 7\fx\lighting.fxo
c:\users\nicole\documents\visual studio 2013\projects\inclassproj part 7\fx\terrain.fxo
c:\users\nicole\documents\visual studio 2013\projects\inclassproj part 8\fx\lighting.fxo
c:\users\nicole\documents\visual studio 2013\projects\inclassproj part 8\fx\terrain.fxo
c:\users\nicole\documents\visual studio 2013\projects\inclassproj part 9-collision\fx\lighting.fxo
c:\users\nicole\documents\visual studio 2013\projects\inclassproj part 9-collision\fx\terrain.fxo
c:\users\nicole\documents\visual studio 2013\projects\inclassproj part 10-playerclass\fx\lighting.fxo
c:\users\nicole\documents\visual studio 2013\projects\inclassproj part 10-playerclass\fx\terrain.fxo
c:\users\nicole\documents\visual studio 2013\projects\inclassproj part 10-playerclass&skybox\fx\lighting.fxo
c:\users\nicole\documents\visual studio 2013\projects\inclassproj part 10-playerclass&skybox\fx\terrain.fxo
c:\users\nicole\documents\visual studio 2013\projects\inclassproj part 10-playerclass&skybox\fx\sky.fxo
c:\users\nicole\documents\visual studio 2013\projects\inclassproj part 10&11-playerclass&skybox\fx\lighting.fxo
c:\users\nicole\documents\visual studio 2013\projects\inclassproj part 10&11-playerclass&skybox\fx\terrain.fxo
c:\users\nicole\documents\visual studio 2013\projects\inclassproj part 10&11-playerclass&skybox\fx\sky.fxo
c:\users\nicole\documents\visual studio 2013\projects\inclassproj part 12-projectiles\fx\lighting.fxo
c:\users\nicole\documents\visual studio 2013\projects\inclassproj part 12-projectiles\fx\terrain.fxo
c:\users\nicole\documents\visual studio 2013\projects\inclassproj part 12-projectiles\fx\sky.fxo
c:\users\nicole\documents\visual studio 2013\projects\inclassproj part 8\debug\lightinghelper.cso
c:\users\nicole\documents\visual studio 2013\projects\inclassproj part 9-collision\debug\lightinghelper.cso
c:\users\nicole\documents\visual studio 2013\projects\inclassproj part 10-playerclass\debug\lightinghelper.cso
c:\users\nicole\documents\visual studio 2013\projects\inclassproj part 10-playerclass&skybox\debug\lightinghelper.cso
c:\users\nicole\documents\visual studio 2013\projects\inclassproj part 10&11-playerclass&skybox\debug\lightinghelper.cso
c:\users\nicole\documents\visual studio 2013\projects\inclassproj part 12-projectiles\debug\lightinghelper.cso
c:\users\nicole\documents\visual studio 2013\projects\inclassproj part 6\debug\inclassproj.ilk
c:\users\nicole\documents\visual studio 2013\projects\inclassproj part 6\debug\inclassproj.exe
c:\users\nicole\documents\visual studio 2013\projects\inclassproj part 6\debug\inclassproj.pdb
c:\users\nicole\documents\visual studio 2013\projects\inclassproj part 7\debug\inclassproj.ilk
c:\users\nicole\documents\visual studio 2013\projects\inclassproj part 7\debug\inclassproj.exe
c:\users\nicole\documents\visual studio 2013\projects\inclassproj part 7\debug\inclassproj.pdb
c:\users\nicole\documents\visual studio 2013\projects\inclassproj part 8\debug\inclassproj.ilk
c:\users\nicole\documents\visual studio 2013\projects\inclassproj part 8\debug\inclassproj.exe
c:\users\nicole\documents\visual studio 2013\projects\inclassproj part 8\debug\inclassproj.pdb
c:\users\nicole\documents\visual studio 2013\projects\inclassproj part 9-collision\debug\inclassproj.ilk
c:\users\nicole\documents\visual studio 2013\projects\inclassproj part 9-collision\debug\inclassproj.exe
c:\users\nicole\documents\visual studio 2013\projects\inclassproj part 9-collision\debug\inclassproj.pdb
c:\users\nicole\documents\visual studio 2013\projects\inclassproj part 10-playerclass\debug\inclassproj.ilk
c:\users\nicole\documents\visual studio 2013\projects\inclassproj part 10-playerclass\debug\inclassproj.exe
c:\users\nicole\documents\visual studio 2013\projects\inclassproj part 10-playerclass\debug\inclassproj.pdb
c:\users\nicole\documents\visual studio 2013\projects\inclassproj part 10-playerclass&skybox\debug\inclassproj.ilk
c:\users\nicole\documents\visual studio 2013\projects\inclassproj part 10-playerclass&skybox\debug\inclassproj.exe
c:\users\nicole\documents\visual studio 2013\projects\inclassproj part 10-playerclass&skybox\debug\inclassproj.pdb
c:\users\nicole\documents\visual studio 2013\projects\inclassproj part 10&11-playerclass&skybox\debug\inclassproj.ilk
c:\users\nicole\documents\visual studio 2013\projects\inclassproj part 10&11-playerclass&skybox\debug\inclassproj.exe
c:\users\nicole\documents\visual studio 2013\projects\inclassproj part 10&11-playerclass&skybox\debug\inclassproj.pdb
c:\users\nicole\documents\visual studio 2013\projects\inclassproj part 12-projectiles\debug\d3dapp.obj
c:\users\nicole\documents\visual studio 2013\projects\inclassproj part 12-projectiles\debug\d3dutil.obj
c:\users\nicole\documents\visual studio 2013\projects\inclassproj part 12-projectiles\debug\gametimer.obj
c:\users\nicole\documents\visual studio 2013\projects\inclassproj part 12-projectiles\debug\geometrygenerator.obj
c:\users\nicole\documents\visual studio 2013\projects\inclassproj part 12-projectiles\debug\lighthelper.obj
c:\users\nicole\documents\visual studio 2013\projects\inclassproj part 12-projectiles\debug\mathhelper.obj
c:\users\nicole\documents\visual studio 2013\projects\inclassproj part 12-projectiles\debug\inclassproj.pdb
c:\users\nicole\documents\visual studio 2013\projects\inclassproj part 12-projectiles\debug\inclassproj.tlog\cl.command.1.tlog
c:\users\nicole\documents\visual studio 2013\projects\inclassproj part 12-projectiles\debug\inclassproj.tlog\cl.read.1.tlog
c:\users\nicole\documents\visual studio 2013\projects\inclassproj part 12-projectiles\debug\inclassproj.tlog\cl.write.1.tlog
c:\users\nicole\documents\visual studio 2013\projects\inclassproj part 12-projectiles\debug\inclassproj.tlog\custombuild.command.1.tlog
c:\users\nicole\documents\visual studio 2013\projects\inclassproj part 12-projectiles\debug\inclassproj.tlog\custombuild.read.1.tlog
c:\users\nicole\documents\visual studio 2013\projects\inclassproj part 12-projectiles\debug\inclassproj.tlog\custombuild.write.1.tlog
c:\users\nicole\documents\visual studio 2013\projects\inclassproj part 12-projectiles\debug\inclassproj.tlog\inclassproj.write.1u.tlog
c:\users\nicole\documents\visual studio 2013\projects\inclassproj part 12-projectiles\debug\inclassproj.tlog\link-cvtres.read.1.tlog
c:\users\nicole\documents\visual studio 2013\projects\inclassproj part 12-projectiles\debug\inclassproj.tlog\link-cvtres.write.1.tlog
c:\users\nicole\documents\visual studio 2013\projects\inclassproj part 12-projectiles\debug\inclassproj.tlog\link-rc.read.1.tlog
c:\users\nicole\documents\visual studio 2013\projects\inclassproj part 12-projectiles\debug\inclassproj.tlog\link-rc.write.1.tlog
c:\users\nicole\documents\visual studio 2013\projects\inclassproj part 12-projectiles\debug\inclassproj.tlog\link.command.1.tlog
c:\users\nicole\documents\visual studio 2013\projects\inclassproj part 12-projectiles\debug\inclassproj.tlog\link.read.1.tlog
c:\users\nicole\documents\visual studio 2013\projects\inclassproj part 12-projectiles\debug\inclassproj.tlog\link.write.1.tlog
