c:\users\nicole\documents\visual studio 2013\projects\draftjetpackarcher2\debug\vc120.pdb
c:\users\nicole\documents\visual studio 2013\projects\draftjetpackarcher2\debug\vc120.idb
c:\users\nicole\documents\visual studio 2013\projects\draftjetpackarcher2\debug\d3dapp.obj
c:\users\nicole\documents\visual studio 2013\projects\draftjetpackarcher2\debug\d3dutil.obj
c:\users\nicole\documents\visual studio 2013\projects\draftjetpackarcher2\debug\gametimer.obj
c:\users\nicole\documents\visual studio 2013\projects\draftjetpackarcher2\debug\geometrygenerator.obj
c:\users\nicole\documents\visual studio 2013\projects\draftjetpackarcher2\debug\mathhelper.obj
c:\users\nicole\documents\visual studio 2013\projects\draftjetpackarcher2\debug\basecamera.obj
c:\users\nicole\documents\visual studio 2013\projects\draftjetpackarcher2\debug\basicmodel.obj
c:\users\nicole\documents\visual studio 2013\projects\draftjetpackarcher2\debug\effect.obj
c:\users\nicole\documents\visual studio 2013\projects\draftjetpackarcher2\debug\fontrasterizer.obj
c:\users\nicole\documents\visual studio 2013\projects\draftjetpackarcher2\debug\fpscamera.obj
c:\users\nicole\documents\visual studio 2013\projects\draftjetpackarcher2\debug\graphicalgeometry.obj
c:\users\nicole\documents\visual studio 2013\projects\draftjetpackarcher2\debug\graphicalobject.obj
c:\users\nicole\documents\visual studio 2013\projects\draftjetpackarcher2\debug\meshgeometry.obj
c:\users\nicole\documents\visual studio 2013\projects\draftjetpackarcher2\debug\objloader.obj
c:\users\nicole\documents\visual studio 2013\projects\draftjetpackarcher2\debug\player.obj
c:\users\nicole\documents\visual studio 2013\projects\draftjetpackarcher2\debug\projectile.obj
c:\users\nicole\documents\visual studio 2013\projects\draftjetpackarcher2\debug\sprite.obj
c:\users\nicole\documents\visual studio 2013\projects\draftjetpackarcher2\debug\vertex.obj
c:\users\nicole\documents\visual studio 2013\projects\draftjetpackarcher2\debug\xnacollision.obj
c:\users\nicole\documents\visual studio 2013\projects\draftjetpackarcher2\debug\lighthelper.obj
c:\users\nicole\documents\visual studio 2013\projects\draftjetpackarcher2\debug\inclassproj.obj
c:\users\nicole\documents\visual studio 2013\projects\draftjetpackarcher2\fx\lighting.fxo
c:\users\nicole\documents\visual studio 2013\projects\draftjetpackarcher2\fx\terrain.fxo
c:\users\nicole\documents\visual studio 2013\projects\draftjetpackarcher2\fx\sky.fxo
c:\users\nicole\documents\visual studio 2013\projects\draftjetpackarcher2\fx\particles.fxo
c:\users\nicole\documents\visual studio 2013\projects\draftjetpackarcher2\fx\particleeffect.fxo
c:\users\nicole\documents\visual studio 2013\projects\draftjetpackarcher2\debug\lightinghelper.cso
c:\users\nicole\documents\visual studio 2013\projects\draftjetpackarcher2\debug\jetpackarcher.ilk
c:\users\nicole\documents\visual studio 2013\projects\draftjetpackarcher2\debug\jetpackarcher.exe
c:\users\nicole\documents\visual studio 2013\projects\draftjetpackarcher2\debug\jetpackarcher.pdb
c:\users\nicole\documents\visual studio 2013\projects\draftjetpackarcher3\debug\basecamera.obj
c:\users\nicole\documents\visual studio 2013\projects\draftjetpackarcher3\debug\basicmodel.obj
c:\users\nicole\documents\visual studio 2013\projects\draftjetpackarcher3\debug\d3dapp.obj
c:\users\nicole\documents\visual studio 2013\projects\draftjetpackarcher3\debug\d3dutil.obj
c:\users\nicole\documents\visual studio 2013\projects\draftjetpackarcher3\debug\effect.obj
c:\users\nicole\documents\visual studio 2013\projects\draftjetpackarcher3\debug\fontrasterizer.obj
c:\users\nicole\documents\visual studio 2013\projects\draftjetpackarcher3\debug\fpscamera.obj
c:\users\nicole\documents\visual studio 2013\projects\draftjetpackarcher3\debug\gametimer.obj
c:\users\nicole\documents\visual studio 2013\projects\draftjetpackarcher3\debug\geometrygenerator.obj
c:\users\nicole\documents\visual studio 2013\projects\draftjetpackarcher3\debug\graphicalgeometry.obj
c:\users\nicole\documents\visual studio 2013\projects\draftjetpackarcher3\debug\graphicalobject.obj
c:\users\nicole\documents\visual studio 2013\projects\draftjetpackarcher3\debug\inclassproj.obj
c:\users\nicole\documents\visual studio 2013\projects\draftjetpackarcher3\debug\lighthelper.obj
c:\users\nicole\documents\visual studio 2013\projects\draftjetpackarcher3\debug\mathhelper.obj
c:\users\nicole\documents\visual studio 2013\projects\draftjetpackarcher3\debug\meshgeometry.obj
c:\users\nicole\documents\visual studio 2013\projects\draftjetpackarcher3\debug\objloader.obj
c:\users\nicole\documents\visual studio 2013\projects\draftjetpackarcher3\debug\player.obj
c:\users\nicole\documents\visual studio 2013\projects\draftjetpackarcher3\debug\projectile.obj
c:\users\nicole\documents\visual studio 2013\projects\draftjetpackarcher3\debug\sprite.obj
c:\users\nicole\documents\visual studio 2013\projects\draftjetpackarcher3\debug\vertex.obj
c:\users\nicole\documents\visual studio 2013\projects\draftjetpackarcher3\debug\xnacollision.obj
c:\users\nicole\documents\visual studio 2013\projects\draftjetpackarcher3\debug\jetpackarcher.ilk
c:\users\nicole\documents\visual studio 2013\projects\draftjetpackarcher3\debug\vc120.idb
c:\users\nicole\documents\visual studio 2013\projects\draftjetpackarcher3\debug\jetpackarcher.pdb
c:\users\nicole\documents\visual studio 2013\projects\draftjetpackarcher3\debug\vc120.pdb
c:\users\nicole\documents\visual studio 2013\projects\draftjetpackarcher3\debug\jetpackarcher.exe
c:\users\nicole\documents\visual studio 2013\projects\draftjetpackarcher3\debug\jetpackarcher.tlog\cl.command.1.tlog
c:\users\nicole\documents\visual studio 2013\projects\draftjetpackarcher3\debug\jetpackarcher.tlog\cl.read.1.tlog
c:\users\nicole\documents\visual studio 2013\projects\draftjetpackarcher3\debug\jetpackarcher.tlog\cl.write.1.tlog
c:\users\nicole\documents\visual studio 2013\projects\draftjetpackarcher3\debug\jetpackarcher.tlog\custombuild.command.1.tlog
c:\users\nicole\documents\visual studio 2013\projects\draftjetpackarcher3\debug\jetpackarcher.tlog\custombuild.read.1.tlog
c:\users\nicole\documents\visual studio 2013\projects\draftjetpackarcher3\debug\jetpackarcher.tlog\custombuild.write.1.tlog
c:\users\nicole\documents\visual studio 2013\projects\draftjetpackarcher3\debug\jetpackarcher.tlog\jetpackarcher.write.1u.tlog
c:\users\nicole\documents\visual studio 2013\projects\draftjetpackarcher3\debug\jetpackarcher.tlog\link.command.1.tlog
c:\users\nicole\documents\visual studio 2013\projects\draftjetpackarcher3\debug\jetpackarcher.tlog\link.read.1.tlog
c:\users\nicole\documents\visual studio 2013\projects\draftjetpackarcher3\debug\jetpackarcher.tlog\link.write.1.tlog
