c:\users\nicole\documents\visual studio 2013\projects\draftjetpackarcher1\debug\vc120.pdb
c:\users\nicole\documents\visual studio 2013\projects\draftjetpackarcher1\debug\vc120.idb
c:\users\nicole\documents\visual studio 2013\projects\draftjetpackarcher1\debug\d3dapp.obj
c:\users\nicole\documents\visual studio 2013\projects\draftjetpackarcher1\debug\d3dutil.obj
c:\users\nicole\documents\visual studio 2013\projects\draftjetpackarcher1\debug\gametimer.obj
c:\users\nicole\documents\visual studio 2013\projects\draftjetpackarcher1\debug\geometrygenerator.obj
c:\users\nicole\documents\visual studio 2013\projects\draftjetpackarcher1\debug\mathhelper.obj
c:\users\nicole\documents\visual studio 2013\projects\draftjetpackarcher1\debug\basecamera.obj
c:\users\nicole\documents\visual studio 2013\projects\draftjetpackarcher1\debug\basicmodel.obj
c:\users\nicole\documents\visual studio 2013\projects\draftjetpackarcher1\debug\effect.obj
c:\users\nicole\documents\visual studio 2013\projects\draftjetpackarcher1\debug\fontrasterizer.obj
c:\users\nicole\documents\visual studio 2013\projects\draftjetpackarcher1\debug\fpscamera.obj
c:\users\nicole\documents\visual studio 2013\projects\draftjetpackarcher1\debug\graphicalgeometry.obj
c:\users\nicole\documents\visual studio 2013\projects\draftjetpackarcher1\debug\graphicalobject.obj
c:\users\nicole\documents\visual studio 2013\projects\draftjetpackarcher1\debug\inclassproj.obj
c:\users\nicole\documents\visual studio 2013\projects\draftjetpackarcher1\debug\meshgeometry.obj
c:\users\nicole\documents\visual studio 2013\projects\draftjetpackarcher1\debug\objloader.obj
c:\users\nicole\documents\visual studio 2013\projects\draftjetpackarcher1\debug\player.obj
c:\users\nicole\documents\visual studio 2013\projects\draftjetpackarcher1\debug\projectile.obj
c:\users\nicole\documents\visual studio 2013\projects\draftjetpackarcher1\debug\sprite.obj
c:\users\nicole\documents\visual studio 2013\projects\draftjetpackarcher1\debug\vertex.obj
c:\users\nicole\documents\visual studio 2013\projects\draftjetpackarcher1\debug\xnacollision.obj
c:\users\nicole\documents\visual studio 2013\projects\draftjetpackarcher1\debug\lighthelper.obj
c:\users\nicole\documents\visual studio 2013\projects\draftjetpackarcher1\fx\lighting.fxo
c:\users\nicole\documents\visual studio 2013\projects\draftjetpackarcher1\fx\terrain.fxo
c:\users\nicole\documents\visual studio 2013\projects\draftjetpackarcher1\fx\sky.fxo
c:\users\nicole\documents\visual studio 2013\projects\draftjetpackarcher1\fx\particles.fxo
c:\users\nicole\documents\visual studio 2013\projects\draftjetpackarcher1\fx\particleeffect.fxo
c:\users\nicole\documents\visual studio 2013\projects\draftjetpackarcher1\debug\lightinghelper.cso
c:\users\nicole\documents\visual studio 2013\projects\draftjetpackarcher1\debug\inclassproj.ilk
c:\users\nicole\documents\visual studio 2013\projects\draftjetpackarcher1\debug\inclassproj.exe
c:\users\nicole\documents\visual studio 2013\projects\draftjetpackarcher1\debug\inclassproj.pdb
c:\users\nicole\documents\visual studio 2013\projects\draftjetpackarcher1\debug\inclassproj.tlog\cl.command.1.tlog
c:\users\nicole\documents\visual studio 2013\projects\draftjetpackarcher1\debug\inclassproj.tlog\cl.read.1.tlog
c:\users\nicole\documents\visual studio 2013\projects\draftjetpackarcher1\debug\inclassproj.tlog\cl.write.1.tlog
c:\users\nicole\documents\visual studio 2013\projects\draftjetpackarcher1\debug\inclassproj.tlog\custombuild.command.1.tlog
c:\users\nicole\documents\visual studio 2013\projects\draftjetpackarcher1\debug\inclassproj.tlog\custombuild.read.1.tlog
c:\users\nicole\documents\visual studio 2013\projects\draftjetpackarcher1\debug\inclassproj.tlog\custombuild.write.1.tlog
c:\users\nicole\documents\visual studio 2013\projects\draftjetpackarcher1\debug\inclassproj.tlog\inclassproj.write.1u.tlog
c:\users\nicole\documents\visual studio 2013\projects\draftjetpackarcher1\debug\inclassproj.tlog\link.command.1.tlog
c:\users\nicole\documents\visual studio 2013\projects\draftjetpackarcher1\debug\inclassproj.tlog\link.read.1.tlog
c:\users\nicole\documents\visual studio 2013\projects\draftjetpackarcher1\debug\inclassproj.tlog\link.write.1.tlog
